Unable to perform torus allreduce algorithm！
Unable to perform hierarchical torus algorithm！
Unable to perform torus allreduce algorithm！
Unable to perform hierarchical torus algorithm！
Unable to perform torus allreduce algorithm！
Unable to perform hierarchical torus algorithm！
Unable to perform torus allreduce algorithm！
Unable to perform hierarchical torus algorithm！
Unable to perform torus allreduce algorithm！
Unable to perform hierarchical torus algorithm！
Unable to perform torus allreduce algorithm！
Unable to perform hierarchical torus algorithm！
Unable to perform torus allreduce algorithm！
Unable to perform hierarchical torus algorithm！
Unable to perform torus allreduce algorithm！
Unable to perform hierarchical torus algorithm！
Unable to perform torus allreduce algorithm！
Unable to perform hierarchical torus algorithm！
Unable to perform torus allreduce algorithm！
Unable to perform hierarchical torus algorithm！
Unable to perform torus allreduce algorithm！
Unable to perform hierarchical torus algorithm！
Unable to perform torus allreduce algorithm！
Unable to perform hierarchical torus algorithm！
Unable to perform torus allreduce algorithm！
Unable to perform hierarchical torus algorithm！
Unable to perform torus allreduce algorithm！
Unable to perform hierarchical torus algorithm！
Unable to perform torus allreduce algorithm！
Unable to perform hierarchical torus algorithm！
Unable to perform torus allreduce algorithm！
Unable to perform hierarchical torus algorithm！
Unable to perform torus allreduce algorithm！
Unable to perform hierarchical torus algorithm！
Unable to perform torus allreduce algorithm！
Unable to perform hierarchical torus algorithm！
Unable to perform torus allreduce algorithm！
Unable to perform hierarchical torus algorithm！
Unable to perform torus allreduce algorithm！
Unable to perform hierarchical torus algorithm！
Unable to perform torus allreduce algorithm！
Unable to perform hierarchical torus algorithm！
Unable to perform torus allreduce algorithm！
Unable to perform hierarchical torus algorithm！
Unable to perform torus allreduce algorithm！
Unable to perform hierarchical torus algorithm！
Unable to perform torus allreduce algorithm！
Unable to perform hierarchical torus algorithm！
Unable to perform torus allreduce algorithm！
Unable to perform hierarchical torus algorithm！
Unable to perform torus allreduce algorithm！
Unable to perform hierarchical torus algorithm！
Unable to perform torus allreduce algorithm！
Unable to perform hierarchical torus algorithm！
Unable to perform torus allreduce algorithm！
Unable to perform hierarchical torus algorithm！
Unable to perform torus allreduce algorithm！
Unable to perform hierarchical torus algorithm！
Unable to perform torus allreduce algorithm！
Unable to perform hierarchical torus algorithm！
Unable to perform torus allreduce algorithm！
Unable to perform hierarchical torus algorithm！
Unable to perform torus allreduce algorithm！
Unable to perform hierarchical torus algorithm！
yhrun: Job step aborted: Waiting up to 2 seconds for job step to finish.
yhrun: got SIGCONT
slurmd[cn10403]: *** STEP 19345138.0 CANCELLED AT 2022-09-16T16:02:04 ***
slurmd[cn10403]: *** JOB 19345138 CANCELLED AT 2022-09-16T16:02:04 ***
yhrun: forcing job termination
yhrun: error: cn10403: tasks 0-15: Terminated
