当前进程：3, 当前进程的机器: cn10064, 训练数据集: /WORK/shu_gzwang_1/dataset/url/16/data002, 数据集样本数量: 134783, 数据集特征数量: 3231961
当前进程：11, 当前进程的机器: cn10094, 训练数据集: /WORK/shu_gzwang_1/dataset/url/16/data010, 数据集样本数量: 134783, 数据集特征数量: 3231961
当前进程：5, 当前进程的机器: cn10075, 训练数据集: /WORK/shu_gzwang_1/dataset/url/16/data004, 数据集样本数量: 134783, 数据集特征数量: 3231961
当前进程：13, 当前进程的机器: cn10096, 训练数据集: /WORK/shu_gzwang_1/dataset/url/16/data012, 数据集样本数量: 134783, 数据集特征数量: 3231961
当前进程：0 当前进程的机器:cn10055 测试数据集:/WORK/shu_gzwang_1/dataset/url/test
当前进程：9, 当前进程的机器: cn10087, 训练数据集: /WORK/shu_gzwang_1/dataset/url/16/data008, 数据集样本数量: 134783, 数据集特征数量: 3231961
当前进程：15, 当前进程的机器: cn10098, 训练数据集: /WORK/shu_gzwang_1/dataset/url/16/data014, 数据集样本数量: 134783, 数据集特征数量: 3231961
当前进程：7, 当前进程的机器: cn10078, 训练数据集: /WORK/shu_gzwang_1/dataset/url/16/data006, 数据集样本数量: 134783, 数据集特征数量: 3231961
当前进程：4, 当前进程的机器: cn10064, 训练数据集: /WORK/shu_gzwang_1/dataset/url/16/data003, 数据集样本数量: 134783, 数据集特征数量: 3231961
当前进程：12, 当前进程的机器: cn10094, 训练数据集: /WORK/shu_gzwang_1/dataset/url/16/data011, 数据集样本数量: 134783, 数据集特征数量: 3231961
当前进程：2, 当前进程的机器: cn10055, 训练数据集: /WORK/shu_gzwang_1/dataset/url/16/data001, 数据集样本数量: 134783, 数据集特征数量: 3231961
当前进程：6, 当前进程的机器: cn10075, 训练数据集: /WORK/shu_gzwang_1/dataset/url/16/data005, 数据集样本数量: 134783, 数据集特征数量: 3231961
当前进程：14, 当前进程的机器: cn10096, 训练数据集: /WORK/shu_gzwang_1/dataset/url/16/data013, 数据集样本数量: 134783, 数据集特征数量: 3231961
当前进程：1, 当前进程的机器: cn10055, 训练数据集: /WORK/shu_gzwang_1/dataset/url/16/data000, 数据集样本数量: 134783, 数据集特征数量: 3231961
进程总数:17
worker的id:1 2 3 4 5 6 7 8 9 10 11 12 13 14 15 16 
线程数:1
partial_barrier:4
bounded_delay:4
rho=1.000000
C=1.000000
abs_tol=0.001000
rel_tol=0.001000
admm_iter=200
bdcd

当前进程：10, 当前进程的机器: cn10087, 训练数据集: /WORK/shu_gzwang_1/dataset/url/16/data009, 数据集样本数量: 134783, 数据集特征数量: 3231961
当前进程：8, 当前进程的机器: cn10078, 训练数据集: /WORK/shu_gzwang_1/dataset/url/16/data007, 数据集样本数量: 134783, 数据集特征数量: 3231961
当前进程：16, 当前进程的机器: cn10098, 训练数据集: /WORK/shu_gzwang_1/dataset/url/16/data015, 数据集样本数量: 134772, 数据集特征数量: 3231961
 #    pri_res    esp_pri   dual_res   esp_dual  objective   accuracy         time  comm_time_m   cal_time_m
0    0.0000     1.8007     2.9464     1.7978     0.3544     0.9854       6.0601       5.7931       0.0000
1    0.0000     1.8080     7.7948     1.7978     0.0448     0.9859       7.1314       5.7932       1.0168
2    0.0000     1.8080     0.0000     1.7978     0.0448     0.9859       8.1598       5.7932       2.0328
worker统计的通信时间为:4.736825
worker统计的计算时间为:9.123512
总运行时间为:13.875238
