当前进程：2, 当前进程的机器: cn12036, 训练数据集: /WORK/shu_gzwang_1/dataset/kdd12/8/data001, 数据集样本数量: 14963130, 数据集特征数量: 54686452
当前进程：0 当前进程的机器:cn12034 测试数据集:/WORK/shu_gzwang_1/dataset/kdd12/test
当前进程：1, 当前进程的机器: cn12035, 训练数据集: /WORK/shu_gzwang_1/dataset/kdd12/8/data000, 数据集样本数量: 14963130, 数据集特征数量: 54686452
当前进程：4, 当前进程的机器: cn12038, 训练数据集: /WORK/shu_gzwang_1/dataset/kdd12/8/data003, 数据集样本数量: 14963130, 数据集特征数量: 54686452
当前进程：5, 当前进程的机器: cn12039, 训练数据集: /WORK/shu_gzwang_1/dataset/kdd12/8/data004, 数据集样本数量: 14963130, 数据集特征数量: 54686452
当前进程：6, 当前进程的机器: cn12040, 训练数据集: /WORK/shu_gzwang_1/dataset/kdd12/8/data005, 数据集样本数量: 14963130, 数据集特征数量: 54686452
当前进程：8, 当前进程的机器: cn12042, 训练数据集: /WORK/shu_gzwang_1/dataset/kdd12/8/data007, 数据集样本数量: 14963122, 数据集特征数量: 54686452
当前进程：3, 当前进程的机器: cn12037, 训练数据集: /WORK/shu_gzwang_1/dataset/kdd12/8/data002, 数据集样本数量: 14963130, 数据集特征数量: 54686452
当前进程：7, 当前进程的机器: cn12041, 训练数据集: /WORK/shu_gzwang_1/dataset/kdd12/8/data006, 数据集样本数量: 14963130, 数据集特征数量: 54686452
进程总数:9
worker的id:1 2 3 4 5 6 7 8 
线程数:12
partial_barrier:4
bounded_delay:4
rho=1.000000
C=1.000000
abs_tol=0.001000
rel_tol=0.001000
admm_iter=200
mdcd

 #    pri_res    esp_pri   dual_res   esp_dual  objective   accuracy         time  comm_time_m   cal_time_m
0    0.0000     7.5622   167.1444     7.3950     1.0448     0.9507     264.1846     261.8416       0.0000
1    0.0000     7.6380   161.8099     7.3950     1.0778     0.9509     271.7132     261.8416       7.1720
2  426.2856     7.8654   101.7742     7.8213     1.1005     0.9509     493.3352     475.9584      14.3947
3  644.6397     8.1025   120.7247     8.0397     1.1115     0.9509     505.0694     480.2012      21.6196
4  525.8655     8.0192    85.7120     8.1511     1.1126     0.9510     705.3276     672.9791      28.8484
5  293.9510     8.0113   109.1422     8.2718     1.1013     0.9511     718.0355     678.2039      36.0787
6  233.2591     8.0909    84.7839     8.3130     1.0922     0.9511     895.6875     848.3729      43.3118
7  149.8939     8.1700    84.4187     8.3606     1.0839     0.9513     905.9397     851.1145      50.5636
8  111.0476     8.2637    98.9496     8.3879     1.0784     0.9514    1083.1540    1020.8407      57.7940
9   87.0106     8.3145    53.8904     8.4054     1.0766     0.9515    1090.6483    1020.8407      65.0316
10   79.1608     8.3838    73.3616     8.4160     1.0754     0.9516    1276.1402    1198.8526      72.2616
11   68.9080     8.4462    65.5822     8.4253     1.0749     0.9516    1288.8863    1204.1043      79.4926
12   73.9781     8.4915    48.2331     8.4330     1.0747     0.9517    1453.9251    1361.6593      86.7255
13   72.1275     8.5494    61.0695     8.4342     1.0737     0.9518    1486.0569    1386.3089      93.9573
14   59.6401     8.5939    47.1351     8.4389     1.0730     0.9518    1630.5979    1523.3664     101.1893
15   63.4841     8.6351    43.8920     8.4390     1.0717     0.9519    1670.5967    1555.8786     108.4251
16   60.6544     8.6772    44.7324     8.4417     1.0708     0.9520    1814.6762    1692.4611     115.6703
17   51.1936     8.7112    36.5389     8.4418     1.0695     0.9521    1849.1547    1719.4564     122.9037
18   50.4910     8.7455    36.8835     8.4445     1.0684     0.9521    1986.8344    1849.6524     130.1368
19   47.8000     8.7755    32.8100     8.4442     1.0674     0.9522    2024.7419    1880.0602     137.3704
20   45.0470     8.8037    30.7813     8.4473     1.0671     0.9523    2157.3206    2005.1531     144.6210
yhrun: Job step aborted: Waiting up to 2 seconds for job step to finish.
yhrun: got SIGCONT
slurmd[cn12034]: *** STEP 17965881.0 CANCELLED AT 2021-12-22T16:20:01 ***
slurmd[cn12034]: *** JOB 17965881 CANCELLED AT 2021-12-22T16:20:01 ***
yhrun: forcing job termination
yhrun: error: cn12037: task 3: Terminated
