当前进程：1, 当前进程的机器: cn12733, 训练数据集: /WORK/shu_gzwang_1/dataset/rcv1/train, 数据集样本数量: 609600, 数据集特征数量: 47236
当前进程：0 当前进程的机器:cn12732 测试数据集:/WORK/shu_gzwang_1/dataset/rcv1/test
进程总数:2
worker的id:1 
线程数:1
partial_barrier:1
bounded_delay:1
rho=1.000000
C=1.000000
abs_tol=0.001000
rel_tol=0.001000
admm_iter=200
bdcd

 #    pri_res    esp_pri   dual_res   esp_dual  objective   accuracy         time  comm_time_m   cal_time_m
0    0.0000     0.2688    51.4365     0.2173     0.1304     0.9778      19.4353      19.4330       0.0000
1   51.4365     0.3202    25.7077     0.2688     0.0887     0.9777      41.2192      41.0905       0.1276
2   25.7077     0.3202    12.8836     0.2945     0.0836     0.9777      61.1509      60.8963       0.2533
3   12.8836     0.3202     6.4529     0.3073     0.0828     0.9776      81.7716      81.3913       0.3789
4    6.4529     0.3202     3.3469     0.3138     0.0827     0.9776     103.8891     103.3832       0.5044
5    3.3469     0.3201     1.7800     0.3169     0.0827     0.9776     123.9254     123.2938       0.6301
6    1.7800     0.3202     1.9051     0.3186     0.0828     0.9776     147.3716     146.6141       0.7557
7    1.9051     0.3200     1.0501     0.3193     0.0828     0.9777     166.4350     165.5519       0.8813
8    1.0501     0.3202     0.6209     0.3198     0.0828     0.9777     185.4877     184.4789       1.0069
9    0.6209     0.3202     0.5992     0.3200     0.0828     0.9777     206.0257     204.8913       1.1325
10    0.5992     0.3202     0.4589     0.3201     0.0828     0.9776     226.3540     225.0936       1.2584
11    0.4589     0.3202     0.8809     0.3202     0.0828     0.9776     247.8375     246.4512       1.3842
12    0.8809     0.3202     0.7673     0.3202     0.0828     0.9777     268.9214     267.4094       1.5099
13    0.7673     0.3202     0.5926     0.3202     0.0828     0.9777     289.2873     287.6495       1.6355
14    0.5926     0.3202     0.8601     0.3202     0.0828     0.9777     310.9971     309.2337       1.7611
15    0.8601     0.3202     1.2319     0.3202     0.0828     0.9776     332.5628     330.6731       1.8870
16    1.2319     0.3202     0.7250     0.3201     0.0828     0.9777     352.4013     350.3860       2.0125
17    0.7250     0.3202     0.5785     0.3202     0.0828     0.9777     372.9868     370.8458       2.1381
18    0.5785     0.3202     1.2207     0.3202     0.0828     0.9776     394.8557     392.5888       2.2640
19    1.2207     0.3201     1.0265     0.3201     0.0828     0.9776     416.2568     413.8641       2.3897
20    1.0265     0.3202     0.6635     0.3201     0.0828     0.9776     436.3484     433.8301       2.5152
21    0.6635     0.3202     0.7237     0.3202     0.0828     0.9777     456.6334     453.9894       2.6408
22    0.7237     0.3202     0.7602     0.3202     0.0828     0.9776     477.3039     474.5343       2.7663
23    0.7602     0.3202     0.9498     0.3202     0.0828     0.9776     499.3754     496.4801       2.8918
24    0.9498     0.3201     2.2996     0.3202     0.0829     0.9777     524.5345     521.5136       3.0174
25    2.2996     0.3201     1.2662     0.3200     0.0828     0.9777     544.9410     541.7944       3.1430
26    1.2662     0.3202     1.1403     0.3201     0.0828     0.9777     566.4122     563.1398       3.2687
27    1.1403     0.3202     1.5063     0.3201     0.0828     0.9777     589.5376     586.1396       3.3943
28    1.5063     0.3201     0.9188     0.3201     0.0828     0.9776     609.9263     606.4025       3.5199
29    0.9188     0.3202     0.5399     0.3201     0.0828     0.9776     629.5148     625.8652       3.6456
30    0.5399     0.3202     0.5962     0.3202     0.0828     0.9776     650.2810     646.5056       3.7713
31    0.5962     0.3202     1.1936     0.3202     0.0828     0.9776     672.7576     668.8564       3.8970
32    1.1936     0.3202     0.8191     0.3201     0.0828     0.9777     693.8701     689.8434       4.0225
33    0.8191     0.3202     1.5103     0.3202     0.0828     0.9776     716.6523     712.4998       4.1482
34    1.5103     0.3201     1.2001     0.3201     0.0828     0.9776     738.6121     734.3339       4.2737
35    1.2001     0.3202     0.6913     0.3201     0.0828     0.9776     757.9657     753.5619       4.3993
36    0.6913     0.3202     0.4943     0.3202     0.0828     0.9776     777.5383     773.0090       4.5247
37    0.4943     0.3202     1.1303     0.3202     0.0828     0.9777     799.3085     794.6535       4.6503
38    1.1303     0.3202     0.9115     0.3202     0.0828     0.9776     820.4392     815.6587       4.7758
39    0.9115     0.3202     0.5697     0.3202     0.0828     0.9777     839.3191     834.4128       4.9014
40    0.5697     0.3202     1.2778     0.3202     0.0828     0.9777     862.3195     857.2876       5.0269
41    1.2778     0.3202     0.7920     0.3201     0.0828     0.9777     882.6616     877.5041       5.1525
42    0.7920     0.3202     0.5026     0.3202     0.0828     0.9777     902.0327     896.7495       5.2781
43    0.5026     0.3202     0.3834     0.3202     0.0828     0.9777     920.7503     915.3415       5.4036
44    0.3834     0.3202     0.3597     0.3202     0.0828     0.9776     940.3524     934.8179       5.5291
45    0.3597     0.3202     1.5811     0.3202     0.0828     0.9777     964.2521     958.5920       5.6548
46    1.5811     0.3202     0.8397     0.3201     0.0828     0.9778     983.0932     977.3072       5.7804
47    0.8397     0.3202     0.8187     0.3202     0.0828     0.9777    1003.9168     998.0048       5.9064
48    0.8187     0.3202     0.8512     0.3202     0.0828     0.9777    1025.2222    1019.1845       6.0320
49    0.8512     0.3202     0.8036     0.3202     0.0828     0.9777    1046.1044    1039.9411       6.1576
50    0.8036     0.3202     1.0272     0.3202     0.0828     0.9777    1067.6728    1061.3835       6.2835
51    1.0272     0.3202     0.9964     0.3202     0.0828     0.9777    1088.6254    1082.2105       6.4090
52    0.9964     0.3202     0.6332     0.3202     0.0828     0.9777    1108.4655    1101.9250       6.5345
53    0.6332     0.3202     0.5541     0.3202     0.0828     0.9777    1129.2019    1122.5357       6.6600
54    0.5541     0.3202     0.6054     0.3202     0.0828     0.9777    1149.8267    1143.0348       6.7856
55    0.6054     0.3202     0.5852     0.3202     0.0828     0.9777    1170.4064    1163.4890       6.9112
56    0.5852     0.3202     0.8177     0.3202     0.0828     0.9777    1192.3871    1185.3439       7.0367
57    0.8177     0.3202     0.7458     0.3202     0.0828     0.9777    1212.9621    1205.7932       7.1625
58    0.7458     0.3202     0.6140     0.3202     0.0828     0.9776    1233.5452    1226.2505       7.2881
59    0.6140     0.3202     0.8083     0.3202     0.0828     0.9777    1254.7406    1247.3204       7.4135
60    0.8083     0.3202     0.6851     0.3202     0.0828     0.9777    1275.3746    1267.8287       7.5391
61    0.6851     0.3202     0.6381     0.3202     0.0828     0.9777    1295.8866    1288.2150       7.6647
62    0.6381     0.3202     0.8112     0.3202     0.0828     0.9777    1317.5520    1309.7547       7.7903
63    0.8112     0.3202     0.7414     0.3202     0.0828     0.9777    1338.1904    1330.2675       7.9159
64    0.7414     0.3202     1.5505     0.3202     0.0829     0.9778    1361.4513    1353.4027       8.0415
65    1.5505     0.3202     0.8612     0.3201     0.0828     0.9777    1381.5462    1373.3720       8.1670
66    0.8612     0.3202     0.6843     0.3202     0.0828     0.9777    1401.9547    1393.6549       8.2925
67    0.6843     0.3202     0.7522     0.3202     0.0828     0.9777    1422.7684    1414.3430       8.4181
68    0.7522     0.3202     1.8360     0.3202     0.0828     0.9776    1446.5256    1437.9745       8.5436
69    1.8360     0.3201     1.3914     0.3201     0.0828     0.9776    1468.5142    1459.8376       8.6691
70    1.3914     0.3202     0.8024     0.3201     0.0828     0.9777    1488.3442    1479.5419       8.7946
71    0.8024     0.3202     0.7586     0.3202     0.0829     0.9777    1508.0698    1499.1417       8.9203
72    0.7586     0.3202     0.4956     0.3202     0.0828     0.9777    1527.6983    1518.6446       9.0458
73    0.4956     0.3202     0.6266     0.3202     0.0828     0.9777    1548.2088    1539.0294       9.1714
74    0.6266     0.3202     0.7086     0.3202     0.0828     0.9777    1568.4835    1559.1786       9.2969
75    0.7086     0.3202     1.5429     0.3202     0.0828     0.9778    1591.9776    1582.5471       9.4225
76    1.5429     0.3201     0.9638     0.3201     0.0828     0.9777    1612.9115    1603.3553       9.5480
77    0.9638     0.3202     0.6013     0.3201     0.0828     0.9777    1632.4848    1622.8029       9.6736
78    0.6013     0.3202     0.4344     0.3202     0.0828     0.9777    1651.4814    1641.6736       9.7994
79    0.4344     0.3202     0.4981     0.3202     0.0828     0.9777    1671.6464    1661.7130       9.9250
80    0.4981     0.3202     0.8096     0.3202     0.0828     0.9776    1692.8205    1682.7615      10.0505
81    0.8096     0.3202     0.8116     0.3202     0.0828     0.9776    1713.4551    1703.2703      10.1762
82    0.8116     0.3202     0.6976     0.3202     0.0828     0.9777    1734.5640    1724.2536      10.3017
83    0.6976     0.3202     0.8210     0.3202     0.0828     0.9776    1755.3488    1744.9129      10.4272
84    0.8210     0.3202     1.8775     0.3202     0.0829     0.9777    1779.0214    1768.4598      10.5527
85    1.8775     0.3201     1.3148     0.3201     0.0829     0.9777    1800.7661    1790.0784      10.6788
86    1.3148     0.3202     0.7452     0.3201     0.0828     0.9777    1820.1268    1809.3134      10.8043
87    0.7452     0.3202     0.4832     0.3202     0.0828     0.9777    1839.8099    1828.8709      10.9299
88    0.4832     0.3202     0.3808     0.3202     0.0828     0.9776    1858.8901    1847.8254      11.0554
89    0.3808     0.3202     0.7896     0.3202     0.0828     0.9777    1879.9691    1868.7761      11.1837
90    0.7896     0.3202     0.4972     0.3202     0.0828     0.9777    1899.1009    1887.7823      11.3092
91    0.4972     0.3202     0.5557     0.3202     0.0828     0.9777    1919.7568    1908.3121      11.4351
92    0.5557     0.3202     0.5579     0.3202     0.0828     0.9776    1939.9026    1928.3323      11.5607
93    0.5579     0.3202     0.7949     0.3202     0.0828     0.9776    1960.5539    1948.8579      11.6863
94    0.7949     0.3202     1.7326     0.3202     0.0828     0.9777    1984.0430    1972.2213      11.8119
95    1.7326     0.3201     1.0114     0.3201     0.0828     0.9777    2004.7160    1992.7687      11.9375
96    1.0114     0.3202     0.6638     0.3201     0.0828     0.9777    2025.0709    2012.9979      12.0630
97    0.6638     0.3202     0.4690     0.3202     0.0828     0.9777    2044.4627    2032.2635      12.1891
98    0.4690     0.3202     0.8221     0.3202     0.0828     0.9777    2065.3986    2053.0738      12.3146
99    0.8221     0.3202     0.8967     0.3202     0.0828     0.9777    2087.1625    2074.7121      12.4402
100    0.8967     0.3202     0.6138     0.3202     0.0828     0.9777    2107.4590    2094.8829      12.5657
101    0.6138     0.3202     1.2867     0.3202     0.0828     0.9777    2129.7312    2117.0295      12.6913
102    1.2867     0.3202     0.8613     0.3201     0.0828     0.9777    2149.7003    2136.8729      12.8169
103    0.8613     0.3202     0.6475     0.3202     0.0828     0.9776    2169.6112    2156.6582      12.9424
104    0.6475     0.3202     0.4479     0.3202     0.0828     0.9777    2188.7091    2175.6305      13.0679
105    0.4479     0.3202     0.4382     0.3202     0.0828     0.9777    2209.1275    2195.9232      13.1935
106    0.4382     0.3202     0.6221     0.3202     0.0828     0.9777    2229.3672    2216.0373      13.3191
107    0.6221     0.3202     0.4332     0.3202     0.0828     0.9776    2248.3743    2234.9188      13.4446
108    0.4332     0.3202     1.0243     0.3202     0.0828     0.9777    2270.1595    2256.5783      13.5702
109    1.0243     0.3202     1.0086     0.3202     0.0828     0.9776    2291.5504    2277.8436      13.6958
110    1.0086     0.3201     1.3703     0.3202     0.0828     0.9776    2314.1028    2300.2704      13.8213
111    1.3703     0.3201     1.0871     0.3201     0.0828     0.9776    2335.9289    2321.9709      13.9468
112    1.0871     0.3202     0.6907     0.3201     0.0828     0.9776    2356.2274    2342.1436      14.0725
113    0.6907     0.3202     0.7966     0.3202     0.0828     0.9776    2377.7598    2363.5503      14.1981
114    0.7966     0.3202     1.2041     0.3202     0.0828     0.9776    2399.0199    2384.6848      14.3236
115    1.2041     0.3202     0.8612     0.3201     0.0828     0.9776    2420.1085    2405.6471      14.4497
116    0.8612     0.3202     0.7250     0.3202     0.0828     0.9776    2440.9818    2426.3948      14.5753
117    0.7250     0.3202     0.5303     0.3202     0.0828     0.9776    2460.8725    2446.1596      14.7011
118    0.5303     0.3202     0.4111     0.3202     0.0828     0.9777    2479.9362    2465.0975      14.8268
119    0.4111     0.3202     0.7248     0.3202     0.0828     0.9776    2500.8982    2485.9337      14.9525
120    0.7248     0.3202     0.5819     0.3202     0.0828     0.9777    2521.4368    2506.3466      15.0781
121    0.5819     0.3202     0.7383     0.3202     0.0828     0.9777    2542.3694    2527.1536      15.2037
122    0.7383     0.3202     1.1354     0.3202     0.0828     0.9778    2564.5485    2549.2068      15.3294
yhrun: got SIGCONT
slurmd[cn12732]: *** STEP 17965680.0 CANCELLED AT 2021-12-22T15:35:13 ***
slurmd[cn12732]: *** JOB 17965680 CANCELLED AT 2021-12-22T15:35:13 ***
yhrun: forcing job termination
yhrun: Job step aborted: Waiting up to 2 seconds for job step to finish.
yhrun: error: cn12732: task 0: Terminated
