当前进程：23, 当前进程的机器: cn12037, 训练数据集: /WORK/shu_gzwang_1/dataset/kdd12/64/data022, 数据集样本数量: 1870392, 数据集特征数量: 54686452
当前进程：37, 当前进程的机器: cn12039, 训练数据集: /WORK/shu_gzwang_1/dataset/kdd12/64/data036, 数据集样本数量: 1870392, 数据集特征数量: 54686452
当前进程：8, 当前进程的机器: cn12035, 训练数据集: /WORK/shu_gzwang_1/dataset/kdd12/64/data007, 数据集样本数量: 1870392, 数据集特征数量: 54686452
当前进程：51, 当前进程的机器: cn12041, 训练数据集: /WORK/shu_gzwang_1/dataset/kdd12/64/data050, 数据集样本数量: 1870392, 数据集特征数量: 54686452
当前进程：0 当前进程的机器:cn12034 测试数据集:/WORK/shu_gzwang_1/dataset/kdd12/test
当前进程：16, 当前进程的机器: cn12036, 训练数据集: /WORK/shu_gzwang_1/dataset/kdd12/64/data015, 数据集样本数量: 1870392, 数据集特征数量: 54686452
当前进程：44, 当前进程的机器: cn12040, 训练数据集: /WORK/shu_gzwang_1/dataset/kdd12/64/data043, 数据集样本数量: 1870392, 数据集特征数量: 54686452
当前进程：30, 当前进程的机器: cn12038, 训练数据集: /WORK/shu_gzwang_1/dataset/kdd12/64/data029, 数据集样本数量: 1870392, 数据集特征数量: 54686452
当前进程：58, 当前进程的机器: cn12042, 训练数据集: /WORK/shu_gzwang_1/dataset/kdd12/64/data057, 数据集样本数量: 1870392, 数据集特征数量: 54686452
当前进程：10, 当前进程的机器: cn12035, 训练数据集: /WORK/shu_gzwang_1/dataset/kdd12/64/data009, 数据集样本数量: 1870392, 数据集特征数量: 54686452
当前进程：27, 当前进程的机器: cn12037, 训练数据集: /WORK/shu_gzwang_1/dataset/kdd12/64/data026, 数据集样本数量: 1870392, 数据集特征数量: 54686452
当前进程：39, 当前进程的机器: cn12039, 训练数据集: /WORK/shu_gzwang_1/dataset/kdd12/64/data038, 数据集样本数量: 1870392, 数据集特征数量: 54686452
当前进程：55, 当前进程的机器: cn12041, 训练数据集: /WORK/shu_gzwang_1/dataset/kdd12/64/data054, 数据集样本数量: 1870392, 数据集特征数量: 54686452
当前进程：9, 当前进程的机器: cn12035, 训练数据集: /WORK/shu_gzwang_1/dataset/kdd12/64/data008, 数据集样本数量: 1870392, 数据集特征数量: 54686452
当前进程：24, 当前进程的机器: cn12037, 训练数据集: /WORK/shu_gzwang_1/dataset/kdd12/64/data023, 数据集样本数量: 1870392, 数据集特征数量: 54686452
当前进程：38, 当前进程的机器: cn12039, 训练数据集: /WORK/shu_gzwang_1/dataset/kdd12/64/data037, 数据集样本数量: 1870392, 数据集特征数量: 54686452
当前进程：52, 当前进程的机器: cn12041, 训练数据集: /WORK/shu_gzwang_1/dataset/kdd12/64/data051, 数据集样本数量: 1870392, 数据集特征数量: 54686452
当前进程：12, 当前进程的机器: cn12035, 训练数据集: /WORK/shu_gzwang_1/dataset/kdd12/64/data011, 数据集样本数量: 1870392, 数据集特征数量: 54686452
当前进程：25, 当前进程的机器: cn12037, 训练数据集: /WORK/shu_gzwang_1/dataset/kdd12/64/data024, 数据集样本数量: 1870392, 数据集特征数量: 54686452
当前进程：41, 当前进程的机器: cn12039, 训练数据集: /WORK/shu_gzwang_1/dataset/kdd12/64/data040, 数据集样本数量: 1870392, 数据集特征数量: 54686452
当前进程：53, 当前进程的机器: cn12041, 训练数据集: /WORK/shu_gzwang_1/dataset/kdd12/64/data052, 数据集样本数量: 1870392, 数据集特征数量: 54686452
当前进程：11, 当前进程的机器: cn12035, 训练数据集: /WORK/shu_gzwang_1/dataset/kdd12/64/data010, 数据集样本数量: 1870392, 数据集特征数量: 54686452
当前进程：29, 当前进程的机器: cn12037, 训练数据集: /WORK/shu_gzwang_1/dataset/kdd12/64/data028, 数据集样本数量: 1870392, 数据集特征数量: 54686452
当前进程：40, 当前进程的机器: cn12039, 训练数据集: /WORK/shu_gzwang_1/dataset/kdd12/64/data039, 数据集样本数量: 1870392, 数据集特征数量: 54686452
当前进程：57, 当前进程的机器: cn12041, 训练数据集: /WORK/shu_gzwang_1/dataset/kdd12/64/data056, 数据集样本数量: 1870392, 数据集特征数量: 54686452
当前进程：13, 当前进程的机器: cn12035, 训练数据集: /WORK/shu_gzwang_1/dataset/kdd12/64/data012, 数据集样本数量: 1870392, 数据集特征数量: 54686452
当前进程：28, 当前进程的机器: cn12037, 训练数据集: /WORK/shu_gzwang_1/dataset/kdd12/64/data027, 数据集样本数量: 1870392, 数据集特征数量: 54686452
当前进程：43, 当前进程的机器: cn12039, 训练数据集: /WORK/shu_gzwang_1/dataset/kdd12/64/data042, 数据集样本数量: 1870392, 数据集特征数量: 54686452
当前进程：56, 当前进程的机器: cn12041, 训练数据集: /WORK/shu_gzwang_1/dataset/kdd12/64/data055, 数据集样本数量: 1870392, 数据集特征数量: 54686452
当前进程：14, 当前进程的机器: cn12035, 训练数据集: /WORK/shu_gzwang_1/dataset/kdd12/64/data013, 数据集样本数量: 1870392, 数据集特征数量: 54686452
当前进程：26, 当前进程的机器: cn12037, 训练数据集: /WORK/shu_gzwang_1/dataset/kdd12/64/data025, 数据集样本数量: 1870392, 数据集特征数量: 54686452
当前进程：42, 当前进程的机器: cn12039, 训练数据集: /WORK/shu_gzwang_1/dataset/kdd12/64/data041, 数据集样本数量: 1870392, 数据集特征数量: 54686452
当前进程：54, 当前进程的机器: cn12041, 训练数据集: /WORK/shu_gzwang_1/dataset/kdd12/64/data053, 数据集样本数量: 1870392, 数据集特征数量: 54686452
当前进程：15, 当前进程的机器: cn12035, 训练数据集: /WORK/shu_gzwang_1/dataset/kdd12/64/data014, 数据集样本数量: 1870392, 数据集特征数量: 54686452
当前进程：4, 当前进程的机器: cn12034, 训练数据集: /WORK/shu_gzwang_1/dataset/kdd12/64/data003, 数据集样本数量: 1870392, 数据集特征数量: 54686452
当前进程：2, 当前进程的机器: cn12034, 训练数据集: /WORK/shu_gzwang_1/dataset/kdd12/64/data001, 数据集样本数量: 1870392, 数据集特征数量: 54686452
当前进程：1, 当前进程的机器: cn12034, 训练数据集: /WORK/shu_gzwang_1/dataset/kdd12/64/data000, 数据集样本数量: 1870392, 数据集特征数量: 54686452
当前进程：6, 当前进程的机器: cn12034, 训练数据集: /WORK/shu_gzwang_1/dataset/kdd12/64/data005, 数据集样本数量: 1870392, 数据集特征数量: 54686452
当前进程：5, 当前进程的机器: cn12034, 训练数据集: /WORK/shu_gzwang_1/dataset/kdd12/64/data004, 数据集样本数量: 1870392, 数据集特征数量: 54686452
当前进程：3, 当前进程的机器: cn12034, 训练数据集: /WORK/shu_gzwang_1/dataset/kdd12/64/data002, 数据集样本数量: 1870392, 数据集特征数量: 54686452
当前进程：7, 当前进程的机器: cn12034, 训练数据集: /WORK/shu_gzwang_1/dataset/kdd12/64/data006, 数据集样本数量: 1870392, 数据集特征数量: 54686452
进程总数:65
worker的id:1 2 3 4 5 6 7 8 9 10 11 12 13 14 15 16 17 18 19 20 21 22 23 24 25 26 27 28 29 30 31 32 33 34 35 36 37 38 39 40 41 42 43 44 45 46 47 48 49 50 51 52 53 54 55 56 57 58 59 60 61 62 63 64 
线程数:1
partial_barrier:4
bounded_delay:4
rho=1.000000
C=1.000000
abs_tol=0.001000
rel_tol=0.001000
admm_iter=200
bdcd
当前进程：20, 当前进程的机器: cn12036, 训练数据集: /WORK/shu_gzwang_1/dataset/kdd12/64/data019, 数据集样本数量: 1870392, 数据集特征数量: 54686452
当前进程：46, 当前进程的机器: cn12040, 训练数据集: /WORK/shu_gzwang_1/dataset/kdd12/64/data045, 数据集样本数量: 1870392, 数据集特征数量: 54686452

当前进程：18, 当前进程的机器: cn12036, 训练数据集: /WORK/shu_gzwang_1/dataset/kdd12/64/data017, 数据集样本数量: 1870392, 数据集特征数量: 54686452
当前进程：45, 当前进程的机器: cn12040, 训练数据集: /WORK/shu_gzwang_1/dataset/kdd12/64/data044, 数据集样本数量: 1870392, 数据集特征数量: 54686452
当前进程：17, 当前进程的机器: cn12036, 训练数据集: /WORK/shu_gzwang_1/dataset/kdd12/64/data016, 数据集样本数量: 1870392, 数据集特征数量: 54686452
当前进程：48, 当前进程的机器: cn12040, 训练数据集: /WORK/shu_gzwang_1/dataset/kdd12/64/data047, 数据集样本数量: 1870392, 数据集特征数量: 54686452
当前进程：22, 当前进程的机器: cn12036, 训练数据集: /WORK/shu_gzwang_1/dataset/kdd12/64/data021, 数据集样本数量: 1870392, 数据集特征数量: 54686452
当前进程：47, 当前进程的机器: cn12040, 训练数据集: /WORK/shu_gzwang_1/dataset/kdd12/64/data046, 数据集样本数量: 1870392, 数据集特征数量: 54686452
当前进程：21, 当前进程的机器: cn12036, 训练数据集: /WORK/shu_gzwang_1/dataset/kdd12/64/data020, 数据集样本数量: 1870392, 数据集特征数量: 54686452
当前进程：50, 当前进程的机器: cn12040, 训练数据集: /WORK/shu_gzwang_1/dataset/kdd12/64/data049, 数据集样本数量: 1870392, 数据集特征数量: 54686452
当前进程：19, 当前进程的机器: cn12036, 训练数据集: /WORK/shu_gzwang_1/dataset/kdd12/64/data018, 数据集样本数量: 1870392, 数据集特征数量: 54686452
当前进程：49, 当前进程的机器: cn12040, 训练数据集: /WORK/shu_gzwang_1/dataset/kdd12/64/data048, 数据集样本数量: 1870392, 数据集特征数量: 54686452
当前进程：34, 当前进程的机器: cn12038, 训练数据集: /WORK/shu_gzwang_1/dataset/kdd12/64/data033, 数据集样本数量: 1870392, 数据集特征数量: 54686452
当前进程：59, 当前进程的机器: cn12042, 训练数据集: /WORK/shu_gzwang_1/dataset/kdd12/64/data058, 数据集样本数量: 1870392, 数据集特征数量: 54686452
当前进程：31, 当前进程的机器: cn12038, 训练数据集: /WORK/shu_gzwang_1/dataset/kdd12/64/data030, 数据集样本数量: 1870392, 数据集特征数量: 54686452
当前进程：62, 当前进程的机器: cn12042, 训练数据集: /WORK/shu_gzwang_1/dataset/kdd12/64/data061, 数据集样本数量: 1870392, 数据集特征数量: 54686452
当前进程：32, 当前进程的机器: cn12038, 训练数据集: /WORK/shu_gzwang_1/dataset/kdd12/64/data031, 数据集样本数量: 1870392, 数据集特征数量: 54686452
当前进程：60, 当前进程的机器: cn12042, 训练数据集: /WORK/shu_gzwang_1/dataset/kdd12/64/data059, 数据集样本数量: 1870392, 数据集特征数量: 54686452
当前进程：35, 当前进程的机器: cn12038, 训练数据集: /WORK/shu_gzwang_1/dataset/kdd12/64/data034, 数据集样本数量: 1870392, 数据集特征数量: 54686452
当前进程：64, 当前进程的机器: cn12042, 训练数据集: /WORK/shu_gzwang_1/dataset/kdd12/64/data063, 数据集样本数量: 1870336, 数据集特征数量: 54686452
当前进程：36, 当前进程的机器: cn12038, 训练数据集: /WORK/shu_gzwang_1/dataset/kdd12/64/data035, 数据集样本数量: 1870392, 数据集特征数量: 54686452
当前进程：61, 当前进程的机器: cn12042, 训练数据集: /WORK/shu_gzwang_1/dataset/kdd12/64/data060, 数据集样本数量: 1870392, 数据集特征数量: 54686452
当前进程：33, 当前进程的机器: cn12038, 训练数据集: /WORK/shu_gzwang_1/dataset/kdd12/64/data032, 数据集样本数量: 1870392, 数据集特征数量: 54686452
当前进程：63, 当前进程的机器: cn12042, 训练数据集: /WORK/shu_gzwang_1/dataset/kdd12/64/data062, 数据集样本数量: 1870392, 数据集特征数量: 54686452
 #    pri_res    esp_pri   dual_res   esp_dual  objective   accuracy         time  comm_time_m   cal_time_m
0    0.0000     7.4092    14.2004     7.3950     1.0112     0.9508      55.3334      26.2221       0.0000
yhrun: Job step aborted: Waiting up to 2 seconds for job step to finish.
yhrun: got SIGCONT
slurmd[cn12034]: *** STEP 17966030.0 CANCELLED AT 2021-12-22T16:22:53 ***
slurmd[cn12034]: *** JOB 17966030 CANCELLED AT 2021-12-22T16:22:53 ***
yhrun: forcing job termination
yhrun: error: cn12034: tasks 1-7: Terminated
1yhrun: error: Timed out waiting for job step to complete
